npm : npm warn tar ENOENT: Cannot cd into 'C:/Users/motaung/Desktop/Ark-main/Ark-main/node_modules/inflight'
At line:1 char:112
+ ... sktop\Ark-main\Ark-main'; npm install --legacy-peer-deps 2>&1 | Out-F ...
+                               ~~~~~~~~~~~~~~~~~~~~~~~~~~~~~~~~~~~
    + CategoryInfo          : NotSpecified: (npm warn tar EN...dules/inflight':String) [], RemoteException
    + FullyQualifiedErrorId : NativeCommandError
 
npm warn tar ENOENT: Cannot cd into 'C:/Users/motaung/Desktop/Ark-main/Ark-main/node_modules/is-weakset'
npm warn tar ENOENT: Cannot cd into 'C:/Users/motaung/Desktop/Ark-main/Ark-main/node_modules/fs.realpath'
npm warn tar ENOENT: Cannot cd into 'C:/Users/motaung/Desktop/Ark-main/Ark-main/node_modules/is-weakmap'
npm warn tar ENOENT: Cannot cd into 'C:/Users/motaung/Desktop/Ark-main/Ark-main/node_modules/is-map'
npm warn tar ENOENT: Cannot cd into 'C:/Users/motaung/Desktop/Ark-main/Ark-main/node_modules/which-collection'
npm warn tar ENOENT: Cannot cd into 'C:/Users/motaung/Desktop/Ark-main/Ark-main/node_modules/async-function'
npm warn tar ENOENT: Cannot cd into 'C:/Users/motaung/Desktop/Ark-main/Ark-main/node_modules/is-finalizationregistry'
npm warn tar ENOENT: Cannot cd into 'C:/Users/motaung/Desktop/Ark-main/Ark-main/node_modules/is-number-object'
npm warn tar ENOENT: Cannot cd into 'C:/Users/motaung/Desktop/Ark-main/Ark-main/node_modules/is-boolean-object'
npm warn tar ENOENT: Cannot cd into 'C:/Users/motaung/Desktop/Ark-main/Ark-main/node_modules/is-bigint'
npm warn tar ENOENT: Cannot cd into 'C:/Users/motaung/Desktop/Ark-main/Ark-main/node_modules/is-generator-function'
npm warn tar ENOENT: Cannot cd into 'C:/Users/motaung/Desktop/Ark-main/Ark-main/node_modules/punycode'
npm warn tar ENOENT: Cannot cd into 'C:/Users/motaung/Desktop/Ark-main/Ark-main/node_modules/inherits'
npm warn tar ENOENT: Cannot cd into 'C:/Users/motaung/Desktop/Ark-main/Ark-main/node_modules/generator-function'
npm warn tar ENOENT: Cannot cd into 'C:/Users/motaung/Desktop/Ark-main/Ark-main/node_modules/isexe'
npm warn tar ENOENT: Cannot cd into 'C:/Users/motaung/Desktop/Ark-main/Ark-main/node_modules/which-boxed-primitive'
npm warn tar ENOENT: Cannot cd into 'C:/Users/motaung/Desktop/Ark-main/Ark-main/node_modules/is-async-function'
npm warn tar ENOENT: Cannot cd into 'C:/Users/motaung/Desktop/Ark-main/Ark-main/node_modules/napi-postinstall'
npm warn tar ENOENT: Cannot cd into 'C:/Users/motaung/Desktop/Ark-main/Ark-main/node_modules/has-bigints'
npm warn tar ENOENT: Cannot cd into 'C:/Users/motaung/Desktop/Ark-main/Ark-main/node_modules/reflect.getprototypeof'
npm warn tar ENOENT: Cannot cd into 'C:/Users/motaung/Desktop/Ark-main/Ark-main/node_modules/for-each'
npm warn tar ENOENT: Cannot cd into 
'C:/Users/motaung/Desktop/Ark-main/Ark-main/node_modules/@unrs/resolver-binding-win32-x64-msvc'
npm warn tar ENOENT: Cannot cd into 'C:/Users/motaung/Desktop/Ark-main/Ark-main/node_modules/strip-bom'
npm warn tar ENOENT: Cannot cd into 'C:/Users/motaung/Desktop/Ark-main/Ark-main/node_modules/which-builtin-type'
npm warn tar ENOENT: Cannot cd into 'C:/Users/motaung/Desktop/Ark-main/Ark-main/node_modules/@types/json5'
npm warn tar ENOENT: Cannot cd into 'C:/Users/motaung/Desktop/Ark-main/Ark-main/node_modules/json5'
npm warn tar ENOENT: Cannot cd into 'C:/Users/motaung/Desktop/Ark-main/Ark-main/node_modules/minimist'
npm warn tar ENOENT: Cannot cd into 'C:/Users/motaung/Desktop/Ark-main/Ark-main/node_modules/thenify-all'
npm warn tar ENOENT: Cannot cd into 'C:/Users/motaung/Desktop/Ark-main/Ark-main/node_modules/escalade'
npm warn tar ENOENT: Cannot cd into 'C:/Users/motaung/Desktop/Ark-main/Ark-main/node_modules/any-promise'
npm warn tar ENOENT: Cannot cd into 'C:/Users/motaung/Desktop/Ark-main/Ark-main/node_modules/is-number'
npm warn tar ENOENT: Cannot cd into 'C:/Users/motaung/Desktop/Ark-main/Ark-main/node_modules/pirates'
npm warn tar ENOENT: Cannot cd into 'C:/Users/motaung/Desktop/Ark-main/Ark-main/node_modules/mz'
npm warn tar ENOENT: Cannot cd into 'C:/Users/motaung/Desktop/Ark-main/Ark-main/node_modules/lines-and-columns'
npm warn tar ENOENT: Cannot cd into 'C:/Users/motaung/Desktop/Ark-main/Ark-main/node_modules/thenify'
npm warn tar ENOENT: Cannot cd into 'C:/Users/motaung/Desktop/Ark-main/Ark-main/node_modules/ts-interface-checker'
npm warn tar ENOENT: Cannot cd into 'C:/Users/motaung/Desktop/Ark-main/Ark-main/node_modules/@jridgewell/resolve-uri'
npm warn tar ENOENT: Cannot cd into 'C:/Users/motaung/Desktop/Ark-main/Ark-main/node_modul
es/util-deprecate'
npm warn tar ENOENT: Cannot cd into 'C:/Users/motaung/Desktop/Ark-main/Ark-main/node_modules/pify'
npm warn tar ENOENT: Cannot cd into 
'C:/Users/motaung/Desktop/Ark-main/Ark-main/node_modules/@jridgewell/sourcemap-codec'
npm warn tar ENOENT: Cannot cd into 'C:/Users/motaung/Desktop/Ark-main/Ark-main/node_modules/node-exports-info'
npm warn tar ENOENT: Cannot cd into 'C:/Users/motaung/Desktop/Ark-main/Ark-main/node_modules/@jridgewell/gen-mapping'
npm warn tar ENOENT: Cannot cd into 'C:/Users/motaung/Desktop/Ark-main/Ark-main/node_modules/cssesc'

npm warn tar ENOENT: Cannot cd into 'C:/Users/motaung/Desktop/Ark-main/Ark-main/node_modules/read-cache'

npm warn tar ENOENT: Cannot cd into 'C:/Users/motaung/Desktop/Ark-main/Ark-main/node_modules/camelcase-css'

npm warn tar ENOENT: Cannot cd into 'C:/Users/motaung/Desktop/Ark-main/Ark-main/node_modules/binary-extensions'

npm warn tar ENOENT: Cannot cd into 'C:/Users/motaung/Desktop/Ark-main/Ark-main/node_modules/anymatch'

npm warn tar ENOENT: Cannot cd into 'C:/Users/motaung/Desktop/Ark-main/Ark-main/node_modules/commander'

npm warn tar ENOENT: Cannot cd into 'C:/Users/motaung/Desktop/Ark-main/Ark-main/node_modules/postcss-nested'

npm warn tar ENOENT: Cannot cd into 'C:/Users/motaung/Desktop/Ark-main/Ark-main/node_modules/readdirp'

npm warn tar ENOENT: Cannot cd into 'C:/Users/motaung/Desktop/Ark-main/Ark-main/node_modules/object-hash'

npm warn tar ENOENT: Cannot cd into 'C:/Users/motaung/Desktop/Ark-main/Ark-main/node_modules/postcss-js'

npm warn tar ENOENT: Cannot cd into 'C:/Users/motaung/Desktop/Ark-main/Ark-main/node_modules/jiti'

npm warn tar ENOENT: Cannot cd into 'C:/Users/motaung/Desktop/Ark-main/Ark-main/node_modules/normalize-path'

npm warn tar ENOENT: Cannot cd into 'C:/Users/motaung/Desktop/Ark-main/Ark-main/node_modules/lilconfig'

npm warn tar ENOENT: Cannot cd into 'C:/Users/motaung/Desktop/Ark-main/Ark-main/node_modules/postcss-selector-parser'

npm warn tar ENOENT: Cannot cd into 'C:/Users/motaung/Desktop/Ark-main/Ark-main/node_modules/dlv'

npm warn tar ENOENT: Cannot cd into 'C:/Users/motaung/Desktop/Ark-main/Ark-main/node_modules/didyoumean'

npm warn tar ENOENT: Cannot cd into 'C:/Users/motaung/Desktop/Ark-main/Ark-main/node_modules/has-flag'

npm warn tar ENOENT: Cannot cd into 'C:/Users/motaung/Desktop/Ark-main/Ark-main/node_modules/arg'

npm warn tar ENOENT: Cannot cd into 'C:/Users/motaung/Desktop/Ark-main/Ark-main/node_modules/chokidar'

npm warn tar ENOENT: Cannot cd into 'C:/Users/motaung/Desktop/Ark-main/Ark-main/node_modules/is-binary-path'

npm warn tar ENOENT: Cannot cd into 'C:/Users/motaung/Desktop/Ark-main/Ark-main/node_modules/client-only'

npm warn tar ENOENT: Cannot cd into 'C:/Users/motaung/Desktop/Ark-main/Ark-main/node_modules/@alloc/quick-lru'

npm warn tar ENOENT: Cannot cd into 'C:/Users/motaung/Desktop/Ark-main/Ark-main/node_modules/side-channel-weakmap'

npm warn tar ENOENT: Cannot cd into 'C:/Users/motaung/Desktop/Ark-main/Ark-main/node_modules/side-channel-map'

npm warn tar ENOENT: Cannot cd into 'C:/Users/motaung/Desktop/Ark-main/Ark-main/node_modules/is-fullwidth-code-point'

npm warn tar ENOENT: Cannot cd into 'C:/Users/motaung/Desktop/Ark-main/Ark-main/node_modules/side-channel-list'

npm warn tar ENOENT: Cannot cd into 'C:/Users/motaung/Desktop/Ark-main/Ark-main/node_modules/isarray'

npm warn tar ENOENT: Cannot cd into 'C:/Users/motaung/Desktop/Ark-main/Ark-main/node_modules/queue-microtask'

npm warn tar ENOENT: Cannot cd into 
'C:/Users/motaung/Desktop/Ark-main/Ark-main/node_modules/supports-preserve-symlinks-flag'

npm warn tar ENOENT: Cannot cd into 'C:/Users/motaung/Desktop/Ark-main/Ark-main/node_modules/ansi-regex'

npm warn tar ENOENT: Cannot cd into 'C:/Users/motaung/Desktop/Ark-main/Ark-main/node_modules/scheduler'

npm warn tar ENOENT: Cannot cd into 'C:/Users/motaung/Desktop/Ark-main/Ark-main/node_modules/js-tokens'

npm warn tar ENOENT: Cannot cd into 'C:/Users/motaung/Desktop/Ark-main/Ark-main/node_modules/react-is'

npm warn tar ENOENT: Cannot cd into 'C:/Users/motaung/Desktop/Ark-main/Ark-main/node_modules/path-parse'

npm warn tar ENOENT: Cannot cd into 'C:/Users/motaung/Desktop/Ark-main/Ark-main/node_modules/object-assign'

npm warn tar ENOENT: Cannot cd into 'C:/Users/motaung/Desktop/Ark-main/Ark-main/node_modules/loose-envify'

npm warn tar ENOENT: Cannot cd into 'C:/Users/motaung/Desktop/Ark-main/Ark-main/node_modules/nanoid'

npm warn tar ENOENT: Cannot cd into 'C:/Users/motaung/Desktop/Ark-main/Ark-main/node_modules/eastasianwidth'

npm warn tar ENOENT: Cannot cd into 'C:/Users/motaung/Desktop/Ark-main/Ark-main/node_modules/source-map-js'

npm warn tar ENOENT: Cannot cd into 'C:/Users/motaung/Desktop/Ark-main/Ark-main/node_modules/yocto-queue'

npm warn tar ENOENT: Cannot cd into 'C:/Users/motaung/Desktop/Ark-main/Ark-main/node_modules/shebang-regex'

npm warn tar ENOENT: Cannot cd into 'C:/Users/motaung/Desktop/Ark-main/Ark-main/node_modules/once'

npm warn tar ENOENT: Cannot cd into 'C:/Users/motaung/Desktop/Ark-main/Ark-main/node_modules/p-limit'

npm warn tar ENOENT: Cannot cd into 'C:/Users/motaung/Desktop/Ark-main/Ark-main/node_modules/deep-is'

npm warn tar ENOENT: Cannot cd into 'C:/Users/motaung/Desktop/Ark-main/Ark-main/node_modules/word-wrap'

npm warn tar ENOENT: Cannot cd into 'C:/Users/motaung/Desktop/Ark-main/Ark-main/node_modules/@swc/counter'

npm warn tar ENOENT: Cannot cd into 'C:/Users/motaung/Desktop/Ark-main/Ark-main/node_modules/fast-levenshtein'

npm warn tar ENOENT: Cannot cd into 'C:/Users/motaung/Desktop/Ark-main/Ark-main/node_modules/graceful-fs'

npm warn tar ENOENT: Cannot cd into 'C:/Users/motaung/Desktop/Ark-main/Ark-main/node_modules/streamsearch'

npm warn tar ENOENT: Cannot cd into 'C:/Users/motaung/Desktop/Ark-main/Ark-main/node_modules/lru-cache'

npm warn tar ENOENT: Cannot cd into 'C:/Users/motaung/Desktop/Ark-main/Ark-main/node_modules/styled-jsx'

npm warn tar ENOENT: Cannot cd into 'C:/Users/motaung/Desktop/Ark-main/Ark-main/node_modules/concat-map'

npm warn tar ENOENT: Cannot cd into 'C:/Users/motaung/Desktop/Ark-main/Ark-main/node_modules/brace-expansion'

npm warn tar ENOENT: Cannot cd into 'C:/Users/motaung/Desktop/Ark-main/Ark-main/node_modules/fill-range'

npm warn tar ENOENT: Cannot cd into 'C:/Users/motaung/Desktop/Ark-main/Ark-main/node_modules/@next/env'

npm warn tar ENOENT: Cannot cd into 'C:/Users/motaung/Desktop/Ark-main/Ark-main/node_modules/picomatch'

npm warn tar ENOENT: Cannot cd into 'C:/Users/motaung/Desktop/Ark-main/Ark-main/node_modules/to-regex-range'

npm warn tar ENOENT: Cannot cd into 'C:/Users/motaung/Desktop/Ark-main/Ark-main/node_modules/braces'

npm warn tar ENOENT: Cannot cd into 'C:/Users/motaung/Desktop/Ark-main/Ark-main/node_modules/p-locate'

npm warn tar ENOENT: Cannot cd into 'C:/Users/motaung/Desktop/Ark-main/Ark-main/node_modules/type-check'

npm warn tar ENOENT: Cannot cd into 'C:/Users/motaung/Desktop/Ark-main/Ark-main/node_modules/@next/swc-win32-x64-msvc'

npm warn tar ENOENT: Cannot cd into 'C:/Users/motaung/Desktop/Ark-main/Ark-main/node_modules/json-buffer'

npm warn tar ENOENT: Cannot cd into 'C:/Users/motaung/Desktop/Ark-main/Ark-main/node_modules/language-subtag-registry'

npm warn tar ENOENT: Cannot cd into 'C:/Users/motaung/Desktop/Ark-main/Ark-main/node_modules/prelude-ls'

npm warn tar ENOENT: Cannot cd into 'C:/Users/motaung/Desktop/Ark-main/Ark-main/node_modules/balanced-match'

npm warn tar ENOENT: Cannot cd into 'C:/Users/motaung/Desktop/Ark-main/Ark-main/node_modules/argparse'

npm warn tar ENOENT: Cannot cd into 'C:/Users/motaung/Desktop/Ark-main/Ark-main/node_modules/strip-ansi-cjs'

npm warn tar ENOENT: Cannot cd into 'C:/Users/motaung/Desktop/Ark-main/Ark-main/node_modules/@isaacs/cliui'

npm warn tar ENOENT: Cannot cd into 'C:/Users/motaung/Desktop/Ark-main/Ark-main/node_modules/@pkgjs/parseargs'

npm warn tar ENOENT: Cannot cd into 'C:/Users/motaung/Desktop/Ark-main/Ark-main/node_modules/set-function-name'

npm warn tar ENOENT: Cannot cd into 'C:/Users/motaung/Desktop/Ark-main/Ark-main/node_modules/side-channel'

npm warn tar ENOENT: Cannot cd into 'C:/Users/motaung/Desktop/Ark-main/Ark-main/node_modules/is-extglob'

npm warn tar ENOENT: Cannot cd into 'C:/Users/motaung/Desktop/Ark-main/Ark-main/node_modules/wrap-ansi-cjs'

npm warn tar ENOENT: Cannot cd into 'C:/Users/motaung/Desktop/Ark-main/Ark-main/node_modules/resolve-from'

npm warn tar ENOENT: Cannot cd into 'C:/Users/motaung/Desktop/Ark-main/Ark-main/node_modules/path-type'

npm warn tar ENOENT: Cannot cd into 'C:/Users/motaung/Desktop/Ark-main/Ark-main/node_modules/slash'

npm warn tar ENOENT: Cannot cd into 'C:/Users/motaung/Desktop/Ark-main/Ark-main/node_modules/merge2'

npm warn tar ENOENT: Cannot cd into 'C:/Users/motaung/Desktop/Ark-main/Ark-main/node_modules/micromatch'

npm warn tar ENOENT: Cannot cd into 'C:/Users/motaung/Desktop/Ark-main/Ark-main/node_modules/parent-module'

npm warn tar ENOENT: Cannot cd into 'C:/Users/motaung/Desktop/Ark-main/Ark-main/node_modules/array-union'

npm warn tar ENOENT: Cannot cd into 'C:/Users/motaung/Desktop/Ark-main/Ark-main/node_modules/dir-glob'

npm warn tar ENOENT: Cannot cd into 'C:/Users/motaung/Desktop/Ark-main/Ark-main/node_modules/type-fest'

npm warn tar ENOENT: Cannot cd into 'C:/Users/motaung/Desktop/Ark-main/Ark-main/node_modules/signal-exit'

npm warn tar ENOENT: Cannot cd into 'C:/Users/motaung/Desktop/Ark-main/Ark-main/node_modules/string-width'

npm warn tar ENOENT: Cannot cd into 'C:/Users/motaung/Desktop/Ark-main/Ark-main/node_modules/string-width-cjs'

npm warn tar ENOENT: Cannot cd into 'C:/Users/motaung/Desktop/Ark-main/Ark-main/node_modules/wrap-ansi'

npm warn tar ENOENT: Cannot cd into 'C:/Users/motaung/Desktop/Ark-main/Ark-main/node_modules/resolve-pkg-maps'

npm warn tar ENOENT: Cannot cd into 'C:/Users/motaung/Desktop/Ark-main/Ark-main/node_modules/motion-utils'

npm warn tar ENOENT: Cannot cd into 'C:/Users/motaung/Desktop/Ark-main/Ark-main/node_modules/functions-have-names'

npm warn tar ENOENT: Cannot cd into 'C:/Users/motaung/Desktop/Ark-main/Ark-main/node_modules/keyv'

npm warn tar ENOENT: Cannot cd into 'C:/Users/motaung/Desktop/Ark-main/Ark-main/node_modules/dunder-proto'

npm warn tar ENOENT: Cannot cd into 'C:/Users/motaung/Desktop/Ark-main/Ark-main/node_modules/path-scurry'

npm warn tar ENOENT: Cannot cd into 'C:/Users/motaung/Desktop/Ark-main/Ark-main/node_modules/rimraf'

npm warn tar ENOENT: Cannot cd into 'C:/Users/motaung/Desktop/Ark-main/Ark-main/node_modules/locate-path'

npm warn tar ENOENT: Cannot cd into 'C:/Users/motaung/Desktop/Ark-main/Ark-main/node_modules/flat-cache'

npm warn tar ENOENT: Cannot cd into 'C:/Users/motaung/Desktop/Ark-main/Ark-main/node_modules/flatted'

npm warn tar ENOENT: Cannot cd into 'C:/Users/motaung/Desktop/Ark-main/Ark-main/node_modules/esrecurse'

npm warn tar ENOENT: Cannot cd into 'C:/Users/motaung/Desktop/Ark-main/Ark-main/node_modules/iterator.prototype'

npm warn tar ENOENT: Cannot cd into 'C:/Users/motaung/Desktop/Ark-main/Ark-main/node_modules/path-exists'

npm warn tar ENOENT: Cannot cd into 'C:/Users/motaung/Desktop/Ark-main/Ark-main/node_modules/string.prototype.matchall'

npm warn tar ENOENT: Cannot cd into 'C:/Users/motaung/Desktop/Ark-main/Ark-main/node_modules/acorn'

npm warn tar ENOENT: Cannot cd into 'C:/Users/motaung/Desktop/Ark-main/Ark-main/node_modules/string.prototype.repeat'

npm warn tar ENOENT: Cannot cd into 'C:/Users/motaung/Desktop/Ark-main/Ark-main/node_modules/acorn-jsx'

npm warn tar ENOENT: Cannot cd into 'C:/Users/motaung/Desktop/Ark-main/Ark-main/node_modules/prop-types'

npm warn tar ENOENT: Cannot cd into 'C:/Users/motaung/Desktop/Ark-main/Ark-main/node_modules/object.entries'

npm warn tar ENOENT: Cannot cd into 'C:/Users/motaung/Desktop/Ark-main/Ark-main/node_modules/array.prototype.findlast'

npm warn tar ENOENT: Cannot cd into 'C:/Users/motaung/Desktop/Ark-main/Ark-main/node_modules/string.prototype.includes'

npm warn tar ENOENT: Cannot cd into 'C:/Users/motaung/Desktop/Ark-main/Ark-main/node_modules/estraverse'

npm warn tar ENOENT: Cannot cd into 'C:/Users/motaung/Desktop/Ark-main/Ark-main/node_modules/array.prototype.tosorted'

npm warn tar ENOENT: Cannot cd into 'C:/Users/motaung/Desktop/Ark-main/Ark-main/node_modules/foreground-child'

npm warn tar ENOENT: Cannot cd into 'C:/Users/motaung/Desktop/Ark-main/Ark-main/node_modules/language-tags'

npm warn tar ENOENT: Cannot cd into 'C:/Users/motaung/Desktop/Ark-main/Ark-main/node_modules/tslib'

npm warn tar ENOENT: Cannot cd into 'C:/Users/motaung/Desktop/Ark-main/Ark-main/node_modules/is-symbol'

npm warn tar ENOENT: Cannot cd into 'C:/Users/motaung/Desktop/Ark-main/Ark-main/node_modules/damerau-levenshtein'

npm warn tar ENOENT: Cannot cd into 'C:/Users/motaung/Desktop/Ark-main/Ark-main/node_modules/is-date-object'

npm warn tar ENOENT: Cannot cd into 'C:/Users/motaung/Desktop/Ark-main/Ark-main/node_modules/minipass'

npm warn tar ENOENT: Cannot cd into 'C:/Users/motaung/Desktop/Ark-main/Ark-main/node_modules/has-tostringtag'

npm warn tar ENOENT: Cannot cd into 
'C:/Users/motaung/Desktop/Ark-main/Ark-main/node_modules/possible-typed-array-names'

npm warn tar ENOENT: Cannot cd into 'C:/Users/motaung/Desktop/Ark-main/Ark-main/node_modules/unbox-primitive'

npm warn tar ENOENT: Cannot cd into 'C:/Users/motaung/Desktop/Ark-main/Ark-main/node_modules/which-typed-array'

npm warn tar ENOENT: Cannot cd into 'C:/Users/motaung/Desktop/Ark-main/Ark-main/node_modules/ast-types-flow'

npm warn tar ENOENT: Cannot cd into 'C:/Users/motaung/Desktop/Ark-main/Ark-main/node_modules/callsites'

npm warn tar ENOENT: Cannot cd into 'C:/Users/motaung/Desktop/Ark-main/Ark-main/node_modules/typed-array-buffer'

npm warn tar ENOENT: Cannot cd into 'C:/Users/motaung/Desktop/Ark-main/Ark-main/node_modules/typed-array-byte-length'

npm warn tar ENOENT: Cannot cd into 'C:/Users/motaung/Desktop/Ark-main/Ark-main/node_modules/typed-array-byte-offset'

npm warn tar ENOENT: Cannot cd into 'C:/Users/motaung/Desktop/Ark-main/Ark-main/node_modules/string.prototype.trim'

npm warn tar ENOENT: Cannot cd into 'C:/Users/motaung/Desktop/Ark-main/Ark-main/node_modules/set-proto'

npm warn tar ENOENT: Cannot cd into 'C:/Users/motaung/Desktop/Ark-main/Ark-main/node_modules/safe-regex-test'

npm warn tar ENOENT: Cannot cd into 'C:/Users/motaung/Desktop/Ark-main/Ark-main/node_modules/safe-push-apply'
npm warn tar ENOENT: Cannot cd into 
'C:/Users/motaung/Desktop/Ark-main/Ark-main/node_modules/string.prototype.trimstart'
npm warn tar ENOENT: Cannot cd into 'C:/Users/motaung/Desktop/Ark-main/Ark-main/node_modules/typed-array-length'
npm warn tar ENOENT: Cannot cd into 'C:/Users/motaung/Desktop/Ark-main/Ark-main/node_modules/safe-array-concat'
npm warn tar ENOENT: Cannot cd into 'C:/Users/motaung/Desktop/Ark-main/Ark-main/node_modules/stop-iteration-iterator'
npm warn tar ENOENT: Cannot cd into 'C:/Users/motaung/Desktop/Ark-main/Ark-main/node_modules/object.assign'
npm warn tar ENOENT: Cannot cd into 'C:/Users/motaung/Desktop/Ark-main/Ark-main/node_modules/regexp.prototype.flags'
npm warn tar ENOENT: Cannot cd into 'C:/Users/motaung/Desktop/Ark-main/Ark-main/node_modules/own-keys'
npm warn tar ENOENT: Cannot cd into 'C:/Users/motaung/Desktop/Ark-main/Ark-main/node_modules/is-shared-array-buffer'
npm warn tar ENOENT: Cannot cd into 'C:/Users/motaung/Desktop/Ark-main/Ark-main/node_modules/is-set'
npm warn tar ENOENT: Cannot cd into 'C:/Users/motaung/Desktop/Ark-main/Ark-main/node_modules/object-inspect'
npm warn tar ENOENT: Cannot cd into 'C:/Users/motaung/Desktop/Ark-main/Ark-main/node_modules/is-typed-array'
npm warn tar ENOENT: Cannot cd into 'C:/Users/motaung/Desktop/Ark-main/Ark-main/node_modules/is-data-view'
npm warn tar ENOENT: Cannot cd into 'C:/Users/motaung/Desktop/Ark-main/Ark-main/node_modules/is-weakref'
npm warn tar ENOENT: Cannot cd into 'C:/Users/motaung/Desktop/Ark-main/Ark-main/node_modules/is-regex'
npm warn tar ENOENT: Cannot cd into 'C:/Users/motaung/Desktop/Ark-main/Ark-main/node_modules/has-symbols'
npm warn tar ENOENT: Cannot cd into 'C:/Users/motaung/Desktop/Ark-main/Ark-main/node_modules/has-proto'
npm warn tar ENOENT: Cannot cd into 'C:/Users/motaung/Desktop/Ark-main/Ark-main/node_modules/is-callable'
npm warn tar ENOENT: Cannot cd into 'C:/Users/motaung/Desktop/Ark-main/Ark-main/node_modules/get-symbol-description'
npm warn tar ENOENT: Cannot cd into 'C:/Users/motaung/Desktop/Ark-main/Ark-main/node_modules/is-array-buffer'
npm warn tar ENOENT: Cannot cd into 'C:/Users/motaung/Desktop/Ark-main/Ark-main/node_modules/internal-slot'
npm warn tar ENOENT: Cannot cd into 'C:/Users/motaung/Desktop/Ark-main/Ark-main/node_modules/is-negative-zero'
npm warn tar ENOENT: Cannot cd into 'C:/Users/motaung/Desktop/Ark-main/Ark-main/node_modules/get-proto'
npm warn tar ENOENT: Cannot cd into 'C:/Users/motaung/Desktop/Ark-main/Ark-main/node_modules/es-to-primitive'
npm warn tar ENOENT: Cannot cd into 'C:/Users/motaung/Desktop/Ark-main/Ark-main/node_modules/globalthis'
npm warn tar ENOENT: Cannot cd into 'C:/Users/motaung/Desktop/Ark-main/Ark-main/node_modules/es-set-tostringtag'
npm warn tar ENOENT: Cannot cd into 'C:/Users/motaung/Desktop/Ark-main/Ark-main/node_modules/data-view-byte-offset'
npm warn tar ENOENT: Cannot cd into 'C:/Users/motaung/Desktop/Ark-main/Ark-main/node_modules/data-view-byte-length'
npm warn tar ENOENT: Cannot cd into 'C:/Users/motaung/Desktop/Ark-main/Ark-main/node_modules/function.prototype.name'
npm warn tar ENOENT: Cannot cd into 'C:/Users/motaung/Desktop/Ark-main/Ark-main/node_modules/gopd'
npm warn tar ENOENT: Cannot cd into 'C:/Users/motaung/Desktop/Ark-main/Ark-main/node_modules/available-typed-arrays'
npm warn tar ENOENT: Cannot cd into 'C:/Users/motaung/Desktop/Ark-main/Ark-main/node_modules/data-view-buffer'
npm warn tar ENOENT: Cannot cd into 'C:/Users/motaung/Desktop/Ark-main/Ark-main/node_modules/array-buffer-byte-length'
npm warn tar ENOENT: Cannot cd into 'C:/Users/motaung/Desktop/Ark-main/Ark-main/node_modules/has-property-descriptors'
npm warn tar ENOENT: Cannot cd into 'C:/Users/motaung/Desktop/Ark-main/Ark-main/node_modules/define-data-property'
npm warn tar ENOENT: Cannot cd into 'C:/Users/motaung/Desktop/Ark-main/Ark-main/node_modules/function-bind'
npm warn tar ENOENT: Cannot cd into 'C:/Users/motaung/Desktop/Ark-main/Ark-main/node_modules/object-keys'
npm w
arn tar ENOENT: Cannot cd into 'C:/Users/motaung/Desktop/Ark-main/Ark-main/node_modules/es-define-property'
npm warn tar ENOENT: Cannot cd into 'C:/Users/motaung/Desktop/Ark-main/Ark-main/node_modules/math-intrinsics'
npm warn tar ENOENT: Cannot cd into 'C:/Users/motaung/Desktop/Ark-main/Ark-main/node_modules/es-errors'
npm warn tar ENOENT: Cannot cd into 'C:/Users/motaung/Desktop/Ark-main/Ark-main/node_modules/es-shim-unscopables'
npm warn tar ENOENT: Cannot cd into 'C:/Users/motaung/Desktop/Ark-main/Ark-main/node_modules/is-string'

npm warn tar ENOENT: Cannot cd into 'C:/Users/motaung/Desktop/Ark-main/Ark-main/node_modules/set-function-length'

npm warn tar ENOENT: Cannot cd into 'C:/Users/motaung/Desktop/Ark-main/Ark-main/node_modules/call-bind-apply-helpers'

npm warn tar ENOENT: Cannot cd into 'C:/Users/motaung/Desktop/Ark-main/Ark-main/node_modules/get-intrinsic'

npm warn tar ENOENT: Cannot cd into 'C:/Users/motaung/Desktop/Ark-main/Ark-main/node_modules/define-properties'

npm warn tar ENOENT: Cannot cd into 'C:/Users/motaung/Desktop/Ark-main/Ark-main/node_modules/call-bound'
npm warn tar ENOENT: Cannot cd into 'C:/Users/motaung/Desktop/Ark-main/Ark-main/node_modules/call-bind'
npm warn tar ENOENT: Cannot cd into 'C:/Users/motaung/Desktop/Ark-main/Ark-main/node_modules/object.groupby'
npm warn tar ENOENT: Cannot cd into 'C:/Users/motaung/Desktop/Ark-main/Ark-main/node_modules/string.prototype.trimend'
npm warn tar ENOENT: Cannot cd into 'C:/Users/motaung/Desktop/Ark-main/Ark-main/node_modules/tsconfig-paths'
npm warn tar ENOENT: Cannot cd into 'C:/Users/motaung/Desktop/Ark-main/Ark-main/node_modules/es-object-atoms'
npm warn tar ENOENT: Cannot cd into 'C:/Users/motaung/Desktop/Ark-main/Ark-main/node_modules/object.fromentries'
npm warn tar ENOENT: Cannot cd into 'C:/Users/motaung/Desktop/Ark-main/Ark-main/node_modules/object.values'

npm warn tar ENOENT: Cannot cd into 'C:/Users/motaung/Desktop/Ark-main/Ark-main/node_modules/hasown'

npm warn tar ENOENT: Cannot cd into 'C:/Users/motaung/Desktop/Ark-main/Ark-main/node_modules/eslint-module-utils'

npm warn tar ENOENT: Cannot cd into 'C:/Users/motaung/Desktop/Ark-main/Ark-main/node_modules/array.prototype.flatmap'

npm warn tar ENOENT: Cannot cd into 'C:/Users/motaung/Desktop/Ark-main/Ark-main/node_modules/@rtsao/scc'

npm warn tar ENOENT: Cannot cd into 
'C:/Users/motaung/Desktop/Ark-main/Ark-main/node_modules/array.prototype.findlastindex'

npm warn tar ENOENT: Cannot cd into 'C:/Users/motaung/Desktop/Ark-main/Ark-main/node_modules/unrs-resolver'

npm warn tar ENOENT: Cannot cd into 'C:/Users/motaung/Desktop/Ark-main/Ark-main/node_modules/reusify'

npm warn tar ENOENT: Cannot cd into 'C:/Users/motaung/Desktop/Ark-main/Ark-main/node_modules/array.prototype.flat'

npm warn tar ENOENT: Cannot cd into 'C:/Users/motaung/Desktop/Ark-main/Ark-main/node_modules/array-includes'

npm warn tar ENOENT: Cannot cd into 'C:/Users/motaung/Desktop/Ark-main/Ark-main/node_modules/is-bun-module'

npm warn tar ENOENT: Cannot cd into 'C:/Users/motaung/Desktop/Ark-main/Ark-main/node_modules/@nolyfill/is-core-module'
npm warn tar ENOENT: Cannot cd into 'C:/Users/motaung/Desktop/Ark-main/Ark-main/node_modules/postcss-import'
npm warn tar ENOENT: Cannot cd into 'C:/Users/motaung/Desktop/Ark-main/Ark-main/node_modules/semver'
npm warn tar ENOENT: Cannot cd into 'C:/Users/motaung/Desktop/Ark-main/Ark-main/node_modules/is-core-module'
npm warn tar ENOENT: Cannot cd into 'C:/Users/motaung/Desktop/Ark-main/Ark-main/node_modules/globby'
npm warn tar ENOENT: Cannot cd into 'C:/Users/motaung/Desktop/Ark-main/Ark-main/node_modules/eslint-plugin-react-hooks'
npm warn tar ENOENT: Cannot cd into 'C:/Users/motaung/Desktop/Ark-main/Ark-main/node_modules/ts-api-utils'
npm warn tar ENOENT: Cannot cd into 
'C:/Users/motaung/Desktop/Ark-main/Ark-main/node_modules/arraybuffer.prototype.slice'
npm warn tar ENOENT: Cannot cd into 'C:/Users/motaung/Desktop/Ark-main/Ark-main/node_modules/get-tsconfig'
npm warn tar ENOENT: Cannot cd into 
'C:/Users/motaung/Desktop/Ark-main/Ark-main/node_modules/eslint-import-resolver-node'
npm warn tar ENOENT: Cannot cd into 
'C:/Users/motaung/Desktop/Ark-main/Ark-main/node_modules/@typescript-eslint/visitor-keys'
npm warn tar ENOENT: Cannot cd into 
'C:/Users/motaung/Desktop/Ark-main/Ark-main/node_modules/eslint-import-resolver-typescript'
npm warn tar ENOENT: Cannot cd into 'C:/Users/motaung/Desktop/Ark-main/Ark-main/node_modules/stable-hash'
npm warn tar ENOENT: Cannot cd into 'C:/Users/motaung/Desktop/Ark-main/Ark-main/node_modules/@typescript-eslint/parser'
npm warn tar ENOENT: Cannot cd into 'C:/Users/motaung/Desktop/Ark-main/Ark-main/node_modules/emoji-regex'
npm warn tar ENOENT: Cannot cd into 'C:/Users/motaung/Desktop/Ark-main/Ark-main/node_modules/color-name'
npm warn tar ENOENT: Cannot cd into 'C:/Users/motaung/Desktop/Ark-main/Ark-main/node_modules/path-key'
npm warn tar ENOENT: Cannot cd into 'C:/Users/motaung/Desktop/Ark-main/Ark-main/node_modules/shebang-command'
npm warn tar ENOENT: Cannot cd into 'C:/Users/motaung/Desktop/Ark-main/Ark-main/node_modules/uri-js'
npm warn tar ENOENT: Cannot cd into 'C:/Users/motaung/Desktop/Ark-main/Ark-main/node_modules/supports-color'
npm warn tar ENOENT: Cannot cd into 'C:/Users/motaung/Desktop/Ark-main/Ark-main/node_modules/ansi-styles'
npm warn tar ENOENT: Cannot cd into 'C:/Users/motaung/Desktop/Ark-main/Ark-main/node_modules/color-convert'
npm warn tar ENOENT: Cannot cd into 'C:/Users/motaung/Desktop/Ark-main/Ark-main/node_modules/run-parallel'
npm warn tar ENOENT: Cannot cd into 'C:/Users/motaung/Desktop/Ark-main/Ark-main/node_modules/@nodelib/fs.stat'
npm warn tar ENOENT: Cannot cd into 'C:/Users/motaung/Desktop/Ark-main/Ark-main/node_modules/json-schema-traverse'
npm warn tar ENOENT: Cannot cd into 'C:/Users/motaung/Desktop/Ark-main/Ark-main/node_modules/fastq'
npm warn tar ENOENT: Cannot cd into 
'C:/Users/motaung/Desktop/Ark-main/Ark-main/node_modules/fast-json-stable-stringify'
npm warn tar ENOENT: Cannot cd into 'C:/Users/motaung/Desktop/Ark-main/Ark-main/node_modules/strip-json-comments'
npm warn tar ENOENT: Cannot cd into 'C:/Users/motaung/Desktop/Ark-main/Ark-main/node_modules/strip-ansi'
npm warn tar ENOENT: Cannot cd into 'C:/Users/motaung/Desktop/Ark-main/Ark-main/node_modules/import-fresh'
npm warn tar ENOENT: Cannot cd into 'C:/Users/motaung/Desktop/Ark-main/Ark-main/node_modules/optionator'
npm warn tar ENOENT: Cannot cd into 
'C:/Users/motaung/Desktop/Ark-main/Ark-main/node_modules/@humanwhocodes/object-schema'
npm warn tar ENOENT: Cannot cd into 'C:/Users/motaung/Desktop/Ark-main/Ark-main/node_modules/natural-compare'
npm warn tar ENOENT: Cannot cd into 'C:/Users/motaung/Desktop/Ark-main/Ark-main/node_modules/text-table'
npm warn tar ENOENT: Cannot cd into 'C:/Users/motaung/Desktop/Ark-main/Ark-main/node_modules/minimatch'
npm warn tar ENOENT: Cannot cd into 'C:/Users/motaung/Desktop/Ark-main/Ark-main/node_modules/lodash.merge'
npm warn tar ENOENT: Cannot cd into 'C:/Users/motaung/Desktop/Ark-main/Ark-main/node_modules/is-glob'
npm warn tar EN
OENT: Cannot cd into 'C:/Users/motaung/Desktop/Ark-main/Ark-main/node_modules/json-stable-stringify-without-jsonify'
npm warn tar ENOENT: Cannot cd into 'C:/Users/motaung/Desktop/Ark-main/Ark-main/node_modules/levn'
npm warn tar ENOENT: Cannot cd into 'C:/Users/motaung/Desktop/Ark-main/Ark-main/node_modules/js-yaml'

npm warn tar ENOENT: Cannot cd into 'C:/Users/motaung/Desktop/Ark-main/Ark-main/node_modules/imurmurhash'

npm warn tar ENOENT: Cannot cd into 'C:/Users/motaung/Desktop/Ark-main/Ark-main/node_modules/is-path-inside'

npm warn tar ENOENT: Cannot cd into 'C:/Users/motaung/Desktop/Ark-main/Ark-main/node_modules/ignore'

npm warn tar ENOENT: Cannot cd into 'C:/Users/motaung/Desktop/Ark-main/Ark-main/node_modules/graphemer'

npm warn tar ENOENT: Cannot cd into 'C:/Users/motaung/Desktop/Ark-main/Ark-main/node_modules/globals'

npm warn tar ENOENT: Cannot cd into 'C:/Users/motaung/Desktop/Ark-main/Ark-main/node_modules/file-entry-cache'

npm warn tar ENOENT: Cannot cd into 'C:/Users/motaung/Desktop/Ark-main/Ark-main/node_modules/esutils'

npm warn tar ENOENT: Cannot cd into 'C:/Users/motaung/Desktop/Ark-main/Ark-main/node_modules/find-up'

npm warn tar ENOENT: Cannot cd into 'C:/Users/motaung/Desktop/Ark-main/Ark-main/node_modules/glob-parent'

npm warn tar ENOENT: Cannot cd into 'C:/Users/motaung/Desktop/Ark-main/Ark-main/node_modules/esquery'

npm warn tar ENOENT: Cannot cd into 'C:/Users/motaung/Desktop/Ark-main/Ark-main/node_modules/eslint-visitor-keys'

npm warn tar ENOENT: Cannot cd into 'C:/Users/motaung/Desktop/Ark-main/Ark-main/node_modules/eslint-scope'

npm warn tar ENOENT: Cannot cd into 'C:/Users/motaung/Desktop/Ark-main/Ark-main/node_modules/espree'

npm warn tar ENOENT: Cannot cd into 'C:/Users/motaung/Desktop/Ark-main/Ark-main/node_modules/debug'

npm warn tar ENOENT: Cannot cd into 'C:/Users/motaung/Desktop/Ark-main/Ark-main/node_modules/cross-spawn'

npm warn tar ENOENT: Cannot cd into 'C:/Users/motaung/Desktop/Ark-main/Ark-main/node_modules/doctrine'

npm warn tar ENOENT: Cannot cd into 'C:/Users/motaung/Desktop/Ark-main/Ark-main/node_modules/chalk'

npm warn tar ENOENT: Cannot cd into 'C:/Users/motaung/Desktop/Ark-main/Ark-main/node_modules/@eslint/js'

npm warn tar ENOENT: Cannot cd into 'C:/Users/motaung/Desktop/Ark-main/Ark-main/node_modules/@ungap/structured-clone'

npm warn tar ENOENT: Cannot cd into 
'C:/Users/motaung/Desktop/Ark-main/Ark-main/node_modules/@humanwhocodes/module-importer'

npm warn tar ENOENT: Cannot cd into 
'C:/Users/motaung/Desktop/Ark-main/Ark-main/node_modules/@humanwhocodes/config-array'

npm warn tar ENOENT: Cannot cd into 'C:/Users/motaung/Desktop/Ark-main/Ark-main/node_modules/which'

npm warn tar ENOENT: Cannot cd into 'C:/Users/motaung/Desktop/Ark-main/Ark-main/node_modules/tinyglobby'

npm warn tar ENOENT: Cannot cd into 'C:/Users/motaung/Desktop/Ark-main/Ark-main/node_modules/ms'

npm warn tar ENOENT: Cannot cd into 
'C:/Users/motaung/Desktop/Ark-main/Ark-main/node_modules/@eslint-community/eslint-utils'

npm warn tar ENOENT: Cannot cd into 'C:/Users/motaung/Desktop/Ark-main/Ark-main/node_modules/baseline-browser-mapping'

npm warn tar ENOENT: Cannot cd into 'C:/Users/motaung/Desktop/Ark-main/Ark-main/node_modules/@eslint/eslintrc'

npm warn tar ENOENT: Cannot cd into 'C:/Users/motaung/Desktop/Ark-main/Ark-main/node_modules/@eslint-community/regexpp'

npm warn tar ENOENT: Cannot cd into 'C:/Users/motaung/Desktop/Ark-main/Ark-main/node_modules/node-releases'

npm warn tar ENOENT: Cannot cd into 'C:/Users/motaung/Desktop/Ark-main/Ark-main/node_modules/postcss-value-parser'

npm warn tar ENOENT: Cannot cd into 'C:/Users/motaung/Desktop/Ark-main/Ark-main/node_modules/normalize-range'

npm warn tar ENOENT: Cannot cd into 'C:/Users/motaung/Desktop/Ark-main/Ark-main/node_modules/update-browserslist-db'

npm warn tar ENOENT: Cannot cd into 'C:/Users/motaung/Desktop/Ark-main/Ark-main/node_modules/browserslist'

npm warn tar ENOENT: Cannot cd into 'C:/Users/motaung/Desktop/Ark-main/Ark-main/node_modules/fraction.js'

npm warn tar ENOENT: Cannot cd into 'C:/Users/motaung/Desktop/Ark-main/Ark-main/node_modules/picocolors'

npm warn tar ENOENT: Cannot cd into 'C:/Users/motaung/Desktop/Ark-main/Ark-main/node_modules/react'

npm warn tar ENOENT: Cannot cd into 'C:/Users/motaung/Desktop/Ark-main/Ark-main/node_modules/undici-types'

npm warn tar ENOENT: Cannot cd into 'C:/Users/motaung/Desktop/Ark-main/Ark-main/node_modules/postcss'

npm warn tar ENOENT: Cannot cd into 
'C:/Users/motaung/Desktop/Ark-main/Ark-main/node_modules/wrap-ansi-cjs/node_modules/string-width'

npm warn tar ENOENT: Cannot cd into 
'C:/Users/motaung/Desktop/Ark-main/Ark-main/node_modules/wrap-ansi/node_modules/ansi-regex'

npm warn tar ENOENT: Cannot cd into 'C:/Users/motaung/Desktop/Ark-main/Ark-main/node_modules/@types/react-dom'

npm warn tar ENOENT: Cannot cd into 'C:/Users/motaung/Desktop/Ark-main/Ark-main/node_modules/path-is-absolute'

npm warn tar ENOENT: Cannot cd into 
'C:/Users/motaung/Desktop/Ark-main/Ark-main/node_modules/string-width/node_modules/ansi-regex'

npm warn tar ENOENT: Cannot cd into 
'C:/Users/motaung/Desktop/Ark-main/Ark-main/node_modules/@isaacs/cliui/node_modules/ansi-regex'

npm warn tar ENOENT: Cannot cd into 'C:/Users/motaung/Desktop/Ark-main/Ark-main/node_modules/eslint-config-next'

npm warn tar ENOENT: Cannot cd into 'C:/Users/motaung/Desktop/Ark-main/Ark-main/node_modules/csstype'

npm warn tar ENOENT: Cannot cd into 
'C:/Users/motaung/Desktop/Ark-main/Ark-main/node_modules/fast-glob/node_modules/glob-parent'

npm warn tar ENOENT: Cannot cd into 
'C:/Users/motaung/Desktop/Ark-main/Ark-main/node_modules/string-width/node_modules/strip-ansi'

npm warn tar ENOENT: Cannot cd into 
'C:/Users/motaung/Desktop/Ark-main/Ark-main/node_modules/string-width-cjs/node_modules/emoji-regex'

npm warn tar ENOENT: Cannot cd into 
'C:/Users/motaung/Desktop/Ark-main/Ark-main/node_modules/wrap-ansi/node_modules/ansi-styles'

npm warn tar ENOENT: Cannot cd into 'C:/Users/motaung/Desktop/Ark-main/Ark-main/node_modules/@typescript-eslint/typescr
ipt-estree/node_modules/brace-expansion'

npm warn tar ENOENT: Cannot cd into 
'C:/Users/motaung/Desktop/Ark-main/Ark-main/node_modules/chokidar/node_modules/glob-parent'

npm warn tar ENOENT: Cannot cd into 
'C:/Users/motaung/Desktop/Ark-main/Ark-main/node_modules/wrap-ansi-cjs/node_modules/emoji-regex'

npm warn tar ENOENT: Cannot cd into 
'C:/Users/motaung/Desktop/Ark-main/Ark-main/node_modules/@isaacs/cliui/node_modules/strip-ansi'

npm warn tar ENOENT: Cannot cd into 
'C:/Users/motaung/Desktop/Ark-main/Ark-main/node_modules/eslint-module-utils/node_modules/debug'

npm warn tar ENOENT: Cannot cd into 'C:/Users/motaung/Desktop/Ark-main/Ark-main/node_modules/rimraf/node_modules/glob'

npm warn tar ENOENT: Cannot cd into 
'C:/Users/motaung/Desktop/Ark-main/Ark-main/node_modules/wrap-ansi/node_modules/strip-ansi'

npm warn tar ENOENT: Cannot cd into 
'C:/Users/motaung/Desktop/Ark-main/Ark-main/node_modules/tinyglobby/node_modules/picomatch'

npm warn tar ENOENT: Cannot cd into 
'C:/Users/motaung/Desktop/Ark-main/Ark-main/node_modules/eslint-import-resolver-node/node_modules/debug'

npm warn tar ENOENT: Cannot cd into 
'C:/Users/motaung/Desktop/Ark-main/Ark-main/node_modules/eslint-plugin-import/node_modules/debug'

npm warn tar ENOENT: Cannot cd into 
'C:/Users/motaung/Desktop/Ark-main/Ark-main/node_modules/glob/node_modules/brace-expansion'

npm warn tar ENOENT: Cannot cd into 'C:/Users/motaung/Desktop/Ark-main/Ark-main/node_modules/electron-to-chromium'

npm warn tar ENOENT: Cannot cd into 
'C:/Users/motaung/Desktop/Ark-main/Ark-main/node_modules/eslint-plugin-import/node_modules/doctrine'

npm warn tar ENOENT: Cannot cd into 
'C:/Users/motaung/Desktop/Ark-main/Ark-main/node_modules/eslint-plugin-react/node_modules/doctrine'

npm warn tar ENOENT: Cannot cd into 
'C:/Users/motaung/Desktop/Ark-main/Ark-main/node_modules/glob/node_modules/minimatch'

npm warn tar ENOENT: Cannot cd into 
'C:/Users/motaung/Desktop/Ark-main/Ark-main/node_modules/node-exports-info/node_modules/semver'

npm warn tar ENOENT: Cannot cd into 
'C:/Users/motaung/Desktop/Ark-main/Ark-main/node_modules/eslint-plugin-react/node_modules/semver'

npm warn tar ENOENT: Cannot cd into 
'C:/Users/motaung/Desktop/Ark-main/Ark-main/node_modules/eslint-plugin-import/node_modules/semver'

npm warn tar ENOENT: Cannot cd into 'C:/Users/motaung/Desktop/Ark-main/Ark-main/node_modules/wrappy'

npm warn tar ENOENT: Cannot cd into 'C:/Users/motaung/Desktop/Ark-main/Ark-main/node_modules/fast-deep-equal'

npm warn deprecated @humanwhocodes/config-array@0.11.14: Use @eslint/config-array instead

npm warn deprecated glob@7.2.3: Old versions of glob are not supported, and contain widely publicized security 
vulnerabilities, which have been fixed in the current version. Please update. Support for old versions may be 
purchased (at exorbitant rates) by contacting i@izs.me

npm warn deprecated rimraf@3.0.2: Rimraf versions prior to v4 are no longer supported

npm warn deprecated inflight@1.0.6: This module is not supported, and leaks memory. Do not use it. Check out lru-cache 
if you want a good and tested way to coalesce async requests by a key value, which is much more comprehensive and 
powerful.

npm warn deprecated @humanwhocodes/object-schema@2.0.3: Use @eslint/object-schema instead

